2019-07-21 04:00:01 [scrapy.utils.log] INFO: Scrapy 1.5.0 started (bot: danawa)
2019-07-21 04:00:01 [scrapy.utils.log] INFO: Versions: lxml 4.2.3.0, libxml2 2.9.8, cssselect 1.0.3, parsel 1.5.0, w3lib 1.19.0, Twisted 18.4.0, Python 2.7.15rc1 (default, Nov 12 2018, 14:31:15) - [GCC 7.3.0], pyOpenSSL 18.0.0 (OpenSSL 1.1.0h  27 Mar 2018), cryptography 2.2.2, Platform Linux-4.15.0-1040-aws-x86_64-with-Ubuntu-18.04-bionic
2019-07-21 04:00:01 [scrapy.crawler] INFO: Overridden settings: {'DEFAULT_ITEM_CLASS': 'danawa.items.DanawaItem', 'NEWSPIDER_MODULE': 'danawa.spiders', 'SPIDER_MODULES': ['danawa.spiders'], 'ROBOTSTXT_OBEY': True, 'BOT_NAME': 'danawa'}
2019-07-21 04:00:01 [scrapy.middleware] INFO: Enabled extensions:
['scrapy.extensions.memusage.MemoryUsage',
 'scrapy.extensions.logstats.LogStats',
 'scrapy.extensions.telnet.TelnetConsole',
 'scrapy.extensions.corestats.CoreStats']
2019-07-21 04:00:01 [scrapy.middleware] INFO: Enabled downloader middlewares:
['scrapy.downloadermiddlewares.robotstxt.RobotsTxtMiddleware',
 'scrapy.downloadermiddlewares.httpauth.HttpAuthMiddleware',
 'scrapy.downloadermiddlewares.downloadtimeout.DownloadTimeoutMiddleware',
 'scrapy.downloadermiddlewares.defaultheaders.DefaultHeadersMiddleware',
 'scrapy.downloadermiddlewares.useragent.UserAgentMiddleware',
 'scrapy.downloadermiddlewares.retry.RetryMiddleware',
 'scrapy.downloadermiddlewares.redirect.MetaRefreshMiddleware',
 'scrapy.downloadermiddlewares.httpcompression.HttpCompressionMiddleware',
 'scrapy.downloadermiddlewares.redirect.RedirectMiddleware',
 'scrapy.downloadermiddlewares.cookies.CookiesMiddleware',
 'scrapy.downloadermiddlewares.httpproxy.HttpProxyMiddleware',
 'scrapy.downloadermiddlewares.stats.DownloaderStats']
2019-07-21 04:00:01 [scrapy.middleware] INFO: Enabled spider middlewares:
['scrapy.spidermiddlewares.httperror.HttpErrorMiddleware',
 'scrapy.spidermiddlewares.offsite.OffsiteMiddleware',
 'scrapy.spidermiddlewares.referer.RefererMiddleware',
 'scrapy.spidermiddlewares.urllength.UrlLengthMiddleware',
 'scrapy.spidermiddlewares.depth.DepthMiddleware']
2019-07-21 04:00:01 [scrapy.middleware] INFO: Enabled item pipelines:
['danawa.pipelines.DanawaPipeline']
2019-07-21 04:00:01 [scrapy.core.engine] INFO: Spider opened
2019-07-21 04:00:01 [scrapy.extensions.logstats] INFO: Crawled 0 pages (at 0 pages/min), scraped 0 items (at 0 items/min)
2019-07-21 04:00:01 [scrapy.extensions.telnet] DEBUG: Telnet console listening on 127.0.0.1:6023
2019-07-21 04:00:02 [scrapy.core.engine] DEBUG: Crawled (200) <GET http://prod.danawa.com/robots.txt> (referer: None) ['partial']
2019-07-21 04:00:03 [scrapy.core.engine] DEBUG: Crawled (200) <GET http://prod.danawa.com/info/?pcode=5834197&keyword=SSD&cate=112760> (referer: None)
2019-07-21 04:00:03 [scrapy.core.scraper] DEBUG: Scraped from <200 http://prod.danawa.com/info/?pcode=5834197&keyword=SSD&cate=112760>
{'date': '07-21 13:00', 'price': u'55,180'}
2019-07-21 04:00:03 [scrapy.core.engine] INFO: Closing spider (finished)
2019-07-21 04:00:03 [scrapy.statscollectors] INFO: Dumping Scrapy stats:
{'downloader/request_bytes': 515,
 'downloader/request_count': 2,
 'downloader/request_method_count/GET': 2,
 'downloader/response_bytes': 22202,
 'downloader/response_count': 2,
 'downloader/response_status_count/200': 2,
 'finish_reason': 'finished',
 'finish_time': datetime.datetime(2019, 7, 21, 4, 0, 3, 291618),
 'item_scraped_count': 1,
 'log_count/DEBUG': 4,
 'log_count/INFO': 7,
 'memusage/max': 53772288,
 'memusage/startup': 53772288,
 'response_received_count': 2,
 'scheduler/dequeued': 1,
 'scheduler/dequeued/memory': 1,
 'scheduler/enqueued': 1,
 'scheduler/enqueued/memory': 1,
 'start_time': datetime.datetime(2019, 7, 21, 4, 0, 1, 709846)}
2019-07-21 04:00:03 [scrapy.core.engine] INFO: Spider closed (finished)
